[0402/003517.540:ERROR:process_memory_win.cc(73)] ReadMemory at 0x28611e0afd0 of 6656 bytes failed: Only part of a ReadProcessMemory or WriteProcessMemory request was completed. (0x12B)
[0402/003517.540:ERROR:process_snapshot_win.cc(322)] failed to read unloaded module data
[0402/003517.542:ERROR:process_memory_win.cc(73)] ReadMemory at 0x7ff77d5c0000 of 64 bytes failed: Only part of a ReadProcessMemory or WriteProcessMemory request was completed. (0x12B)
[0402/003517.542:WARNING:pe_image_reader.cc(340)] could not read dos header from C:\Program Files (x86)\Google\Chrome\Application\chrome.exe
[0402/003517.543:ERROR:process_memory_win.cc(73)] ReadMemory at 0x7ffb3b390000 of 64 bytes failed: Only part of a ReadProcessMemory or WriteProcessMemory request was completed. (0x12B)
[0402/003517.543:WARNING:pe_image_reader.cc(340)] could not read dos header from C:\Program Files (x86)\Google\Chrome\Application\80.0.3987.149\chrome.dll
[0402/003517.543:ERROR:process_memory_win.cc(73)] ReadMemory at 0x7ff77d5c0000 of 64 bytes failed: Only part of a ReadProcessMemory or WriteProcessMemory request was completed. (0x12B)
[0402/003517.543:WARNING:pe_image_reader.cc(340)] could not read dos header from C:\Program Files (x86)\Google\Chrome\Application\chrome.exe
[0402/003517.543:ERROR:process_memory_win.cc(73)] ReadMemory at 0x7ff77d5c0000 of 64 bytes failed: Only part of a ReadProcessMemory or WriteProcessMemory request was completed. (0x12B)
[0402/003517.543:WARNING:pe_image_reader.cc(340)] could not read dos header from C:\Program Files (x86)\Google\Chrome\Application\chrome.exe
[0402/003517.544:ERROR:process_memory_win.cc(73)] ReadMemory at 0x7ffb58710000 of 64 bytes failed: Only part of a ReadProcessMemory or WriteProcessMemory request was completed. (0x12B)
[0402/003517.544:WARNING:pe_image_reader.cc(340)] could not read dos header from C:\Program Files (x86)\Google\Chrome\Application\80.0.3987.149\chrome_elf.dll
[0402/003517.544:ERROR:process_memory_win.cc(73)] ReadMemory at 0x7ffb58710000 of 64 bytes failed: Only part of a ReadProcessMemory or WriteProcessMemory request was completed. (0x12B)
[0402/003517.544:WARNING:pe_image_reader.cc(340)] could not read dos header from C:\Program Files (x86)\Google\Chrome\Application\80.0.3987.149\chrome_elf.dll
[0402/003517.544:ERROR:process_memory_win.cc(73)] ReadMemory at 0x7ffbaaac0000 of 64 bytes failed: Only part of a ReadProcessMemory or WriteProcessMemory request was completed. (0x12B)
[0402/003517.544:WARNING:pe_image_reader.cc(340)] could not read dos header from C:\Windows\SYSTEM32\VERSION.dll
[0402/003517.544:ERROR:process_memory_win.cc(73)] ReadMemory at 0x7ffbaaac0000 of 64 bytes failed: Only part of a ReadProcessMemory or WriteProcessMemory request was completed. (0x12B)
[0402/003517.544:WARNING:pe_image_reader.cc(340)] could not read dos header from C:\Windows\SYSTEM32\VERSION.dll
[0402/003517.544:ERROR:process_memory_win.cc(73)] ReadMemory at 0x7ffb3b390000 of 64 bytes failed: Only part of a ReadProcessMemory or WriteProcessMemory request was completed. (0x12B)
[0402/003517.544:WARNING:pe_image_reader.cc(340)] could not read dos header from C:\Program Files (x86)\Google\Chrome\Application\80.0.3987.149\chrome.dll
[0402/003517.544:ERROR:process_memory_win.cc(73)] ReadMemory at 0x7ffb3b390000 of 64 bytes failed: Only part of a ReadProcessMemory or WriteProcessMemory request was completed. (0x12B)
[0402/003517.544:WARNING:pe_image_reader.cc(340)] could not read dos header from C:\Program Files (x86)\Google\Chrome\Application\80.0.3987.149\chrome.dll
[0402/003517.544:ERROR:process_memory_win.cc(73)] ReadMemory at 0x7ffbb0770000 of 64 bytes failed: Only part of a ReadProcessMemory or WriteProcessMemory request was completed. (0x12B)
[0402/003517.544:WARNING:pe_image_reader.cc(340)] could not read dos header from C:\Windows\System32\msvcp_win.dll
[0402/003517.544:ERROR:process_memory_win.cc(73)] ReadMemory at 0x7ffbb0770000 of 64 bytes failed: Only part of a ReadProcessMemory or WriteProcessMemory request was completed. (0x12B)
[0402/003517.544:WARNING:pe_image_reader.cc(340)] could not read dos header from C:\Windows\System32\msvcp_win.dll
[0402/003517.544:ERROR:process_memory_win.cc(73)] ReadMemory at 0x7ffbb1320000 of 64 bytes failed: Only part of a ReadProcessMemory or WriteProcessMemory request was completed. (0x12B)
[0402/003517.544:WARNING:pe_image_reader.cc(340)] could not read dos header from C:\Windows\System32\ucrtbase.dll
[0402/003517.544:ERROR:process_memory_win.cc(73)] ReadMemory at 0x7ffbb1320000 of 64 bytes failed: Only part of a ReadProcessMemory or WriteProcessMemory request was completed. (0x12B)
[0402/003517.544:WARNING:pe_image_reader.cc(340)] could not read dos header from C:\Windows\System32\ucrtbase.dll
[0402/003517.544:ERROR:process_memory_win.cc(73)] ReadMemory at 0x7ffbb1d80000 of 64 bytes failed: Only part of a ReadProcessMemory or WriteProcessMemory request was completed. (0x12B)
[0402/003517.544:WARNING:pe_image_reader.cc(340)] could not read dos header from C:\Windows\System32\combase.dll
[0402/003517.544:ERROR:process_memory_win.cc(73)] ReadMemory at 0x7ffbb1d80000 of 64 bytes failed: Only part of a ReadProcessMemory or WriteProcessMemory request was completed. (0x12B)
[0402/003517.544:WARNING:pe_image_reader.cc(340)] could not read dos header from C:\Windows\System32\combase.dll
[0402/003517.544:ERROR:process_memory_win.cc(73)] ReadMemory at 0x7ffbb0810000 of 64 bytes failed: Only part of a ReadProcessMemory or WriteProcessMemory request was completed. (0x12B)
[0402/003517.544:WARNING:pe_image_reader.cc(340)] could not read dos header from C:\Windows\System32\WINTRUST.dll
[0402/003517.544:ERROR:process_memory_win.cc(73)] ReadMemory at 0x7ffbb0810000 of 64 bytes failed: Only part of a ReadProcessMemory or WriteProcessMemory request was completed. (0x12B)
[0402/003517.544:WARNING:pe_image_reader.cc(340)] could not read dos header from C:\Windows\System32\WINTRUST.dll
[0402/003517.544:ERROR:process_memory_win.cc(73)] ReadMemory at 0x7ffbb0550000 of 64 bytes failed: Only part of a ReadProcessMemory or WriteProcessMemory request was completed. (0x12B)
[0402/003517.544:WARNING:pe_image_reader.cc(340)] could not read dos header from C:\Windows\System32\MSASN1.dll
[0402/003517.544:ERROR:process_memory_win.cc(73)] ReadMemory at 0x7ffbb0550000 of 64 bytes failed: Only part of a ReadProcessMemory or WriteProcessMemory request was completed. (0x12B)
[0402/003517.544:WARNING:pe_image_reader.cc(340)] could not read dos header from C:\Windows\System32\MSASN1.dll
[0402/003517.544:ERROR:process_memory_win.cc(73)] ReadMemory at 0x7ffbb05f0000 of 64 bytes failed: Only part of a ReadProcessMemory or WriteProcessMemory request was completed. (0x12B)
[0402/003517.544:WARNING:pe_image_reader.cc(340)] could not read dos header from C:\Windows\System32\CRYPT32.dll
[0402/003517.544:ERROR:process_memory_win.cc(73)] ReadMemory at 0x7ffbb05f0000 of 64 bytes failed: Only part of a ReadProcessMemory or WriteProcessMemory request was completed. (0x12B)
[0402/003517.544:WARNING:pe_image_reader.cc(340)] could not read dos header from C:\Windows\System32\CRYPT32.dll
[0402/003517.544:ERROR:process_memory_win.cc(73)] ReadMemory at 0x7ffbafa60000 of 64 bytes failed: Only part of a ReadProcessMemory or WriteProcessMemory request was completed. (0x12B)
[0402/003517.544:WARNING:pe_image_reader.cc(340)] could not read dos header from C:\Windows\SYSTEM32\IPHLPAPI.DLL
[0402/003517.544:ERROR:process_memory_win.cc(73)] ReadMemory at 0x7ffbafa60000 of 64 bytes failed: Only part of a ReadProcessMemory or WriteProcessMemory request was completed. (0x12B)
[0402/003517.544:WARNING:pe_image_reader.cc(340)] could not read dos header from C:\Windows\SYSTEM32\IPHLPAPI.DLL
[0402/003517.545:ERROR:process_memory_win.cc(73)] ReadMemory at 0x7ffbae450000 of 64 bytes failed: Only part of a ReadProcessMemory or WriteProcessMemory request was completed. (0x12B)
[0402/003517.545:WARNING:pe_image_reader.cc(340)] could not read dos header from C:\Windows\SYSTEM32\WINMM.dll
[0402/003517.545:ERROR:process_memory_win.cc(73)] ReadMemory at 0x7ffbae450000 of 64 bytes failed: Only part of a ReadProcessMemory or WriteProcessMemory request was completed. (0x12B)
[0402/003517.545:WARNING:pe_image_reader.cc(340)] could not read dos header from C:\Windows\SYSTEM32\WINMM.dll
[0402/003517.545:ERROR:process_memory_win.cc(73)] ReadMemory at 0x7ffba5d50000 of 64 bytes failed: Only part of a ReadProcessMemory or WriteProcessMemory request was completed. (0x12B)
[0402/003517.545:WARNING:pe_image_reader.cc(340)] could not read dos header from C:\Windows\SYSTEM32\Secur32.dll
[0402/003517.545:ERROR:process_memory_win.cc(73)] ReadMemory at 0x7ffba5d50000 of 64 bytes failed: Only part of a ReadProcessMemory or WriteProcessMemory request was completed. (0x12B)
[0402/003517.545:WARNING:pe_image_reader.cc(340)] could not read dos header from C:\Windows\SYSTEM32\Secur32.dll
[0402/003517.545:ERROR:process_memory_win.cc(73)] ReadMemory at 0x7ffbb0410000 of 64 bytes failed: Only part of a ReadProcessMemory or WriteProcessMemory request was completed. (0x12B)
[0402/003517.545:WARNING:pe_image_reader.cc(340)] could not read dos header from C:\Windows\SYSTEM32\USERENV.dll
[0402/003517.545:ERROR:process_memory_win.cc(73)] ReadMemory at 0x7ffbb0410000 of 64 bytes failed: Only part of a ReadProcessMemory or WriteProcessMemory request was completed. (0x12B)
[0402/003517.545:WARNING:pe_image_reader.cc(340)] could not read dos header from C:\Windows\SYSTEM32\USERENV.dll
[0402/003517.545:ERROR:process_memory_win.cc(73)] ReadMemory at 0x7ffbb0570000 of 64 bytes failed: Only part of a ReadProcessMemory or WriteProcessMemory request was completed. (0x12B)
[0402/003517.545:WARNING:pe_image_reader.cc(340)] could not read dos header from C:\Windows\System32\profapi.dll
[0402/003517.545:ERROR:process_memory_win.cc(73)] ReadMemory at 0x7ffbb0570000 of 64 bytes failed: Only part of a ReadProcessMemory or WriteProcessMemory request was completed. (0x12B)
[0402/003517.545:WARNING:pe_image_reader.cc(340)] could not read dos header from C:\Windows\System32\profapi.dll
[0402/003517.545:ERROR:process_memory_win.cc(73)] ReadMemory at 0x7ffb8b1e0000 of 64 bytes failed: Only part of a ReadProcessMemory or WriteProcessMemory request was completed. (0x12B)
[0402/003517.545:WARNING:pe_image_reader.cc(340)] could not read dos header from C:\Windows\SYSTEM32\UIAutomationCore.DLL
[0402/003517.545:ERROR:process_memory_win.cc(73)] ReadMemory at 0x7ffb8b1e0000 of 64 bytes failed: Only part of a ReadProcessMemory or WriteProcessMemory request was completed. (0x12B)
[0402/003517.545:WARNING:pe_image_reader.cc(340)] could not read dos header from C:\Windows\SYSTEM32\UIAutomationCore.DLL
[0402/003517.545:ERROR:process_memory_win.cc(73)] ReadMemory at 0x7ffb955a0000 of 64 bytes failed: Only part of a ReadProcessMemory or WriteProcessMemory request was completed. (0x12B)
[0402/003517.545:WARNING:pe_image_reader.cc(340)] could not read dos header from C:\Windows\SYSTEM32\DWrite.dll
[0402/003517.545:ERROR:process_memory_win.cc(73)] ReadMemory at 0x7ffb955a0000 of 64 bytes failed: Only part of a ReadProcessMemory or WriteProcessMemory request was completed. (0x12B)
[0402/003517.545:WARNING:pe_image_reader.cc(340)] could not read dos header from C:\Windows\SYSTEM32\DWrite.dll
[0402/003517.545:ERROR:process_memory_win.cc(73)] ReadMemory at 0x7ffb83440000 of 64 bytes failed: Only part of a ReadProcessMemory or WriteProcessMemory request was completed. (0x12B)
[0402/003517.545:WARNING:pe_image_reader.cc(340)] could not read dos header from C:\Windows\SYSTEM32\WINSPOOL.DRV
[0402/003517.545:ERROR:process_memory_win.cc(73)] ReadMemory at 0x7ffb83440000 of 64 bytes failed: Only part of a ReadProcessMemory or WriteProcessMemory request was completed. (0x12B)
[0402/003517.545:WARNING:pe_image_reader.cc(340)] could not read dos header from C:\Windows\SYSTEM32\WINSPOOL.DRV
[0402/003517.545:ERROR:process_memory_win.cc(73)] ReadMemory at 0x7ffbb0530000 of 64 bytes failed: Only part of a ReadProcessMemory or WriteProcessMemory request was completed. (0x12B)
[0402/003517.545:WARNING:pe_image_reader.cc(340)] could not read dos header from C:\Windows\System32\kernel.appcore.dll
[0402/003517.545:ERROR:process_memory_win.cc(73)] ReadMemory at 0x7ffbb0530000 of 64 bytes failed: Only part of a ReadProcessMemory or WriteProcessMemory request was completed. (0x12B)
[0402/003517.545:WARNING:pe_image_reader.cc(340)] could not read dos header from C:\Windows\System32\kernel.appcore.dll
[0402/003517.545:ERROR:process_memory_win.cc(73)] ReadMemory at 0x7ffbb0870000 of 64 bytes failed: Only part of a ReadProcessMemory or WriteProcessMemory request was completed. (0x12B)
[0402/003517.545:WARNING:pe_image_reader.cc(340)] could not read dos header from C:\Windows\System32\bcrypt.dll
[0402/003517.545:ERROR:process_memory_win.cc(73)] ReadMemory at 0x7ffbb0870000 of 64 bytes failed: Only part of a ReadProcessMemory or WriteProcessMemory request was completed. (0x12B)
[0402/003517.545:WARNING:pe_image_reader.cc(340)] could not read dos header from C:\Windows\System32\bcrypt.dll
[0402/003517.545:ERROR:process_memory_win.cc(73)] ReadMemory at 0x7ffba2dd0000 of 64 bytes failed: Only part of a ReadProcessMemory or WriteProcessMemory request was completed. (0x12B)
[0402/003517.545:WARNING:pe_image_reader.cc(340)] could not read dos header from C:\Windows\SYSTEM32\dbghelp.dll
[0402/003517.545:ERROR:process_memory_win.cc(73)] ReadMemory at 0x7ffba2dd0000 of 64 bytes failed: Only part of a ReadProcessMemory or WriteProcessMemory request was completed. (0x12B)
[0402/003517.545:WARNING:pe_image_reader.cc(340)] could not read dos header from C:\Windows\SYSTEM32\dbghelp.dll
[0402/003517.545:ERROR:process_memory_win.cc(73)] ReadMemory at 0x7ffbaa250000 of 64 bytes failed: Only part of a ReadProcessMemory or WriteProcessMemory request was completed. (0x12B)
[0402/003517.545:WARNING:pe_image_reader.cc(340)] could not read dos header from C:\Windows\SYSTEM32\WINHTTP.dll
[0402/003517.545:ERROR:process_memory_win.cc(73)] ReadMemory at 0x7ffbaa250000 of 64 bytes failed: Only part of a ReadProcessMemory or WriteProcessMemory request was completed. (0x12B)
[0402/003517.545:WARNING:pe_image_reader.cc(340)] could not read dos header from C:\Windows\SYSTEM32\WINHTTP.dll
[0402/003517.545:ERROR:process_memory_win.cc(73)] ReadMemory at 0x7ffbab8f0000 of 64 bytes failed: Only part of a ReadProcessMemory or WriteProcessMemory request was completed. (0x12B)
[0402/003517.545:WARNING:pe_image_reader.cc(340)] could not read dos header from C:\Windows\SYSTEM32\dhcpcsvc.DLL
[0402/003517.545:ERROR:process_memory_win.cc(73)] ReadMemory at 0x7ffbab8f0000 of 64 bytes failed: Only part of a ReadProcessMemory or WriteProcessMemory request was completed. (0x12B)
[0402/003517.545:WARNING:pe_image_reader.cc(340)] could not read dos header from C:\Windows\SYSTEM32\dhcpcsvc.DLL
[0402/003517.545:ERROR:process_memory_win.cc(73)] ReadMemory at 0x7ffbb1710000 of 64 bytes failed: Only part of a ReadProcessMemory or WriteProcessMemory request was completed. (0x12B)
[0402/003517.545:WARNING:pe_image_reader.cc(340)] could not read dos header from C:\Windows\System32\NSI.dll
[0402/003517.545:ERROR:process_memory_win.cc(73)] ReadMemory at 0x7ffbb1710000 of 64 bytes failed: Only part of a ReadProcessMemory or WriteProcessMemory request was completed. (0x12B)
[0402/003517.546:WARNING:pe_image_reader.cc(340)] could not read dos header from C:\Windows\System32\NSI.dll
[0402/003517.546:ERROR:process_memory_win.cc(73)] ReadMemory at 0x7ffbae2c0000 of 64 bytes failed: Only part of a ReadProcessMemory or WriteProcessMemory request was completed. (0x12B)
[0402/003517.546:WARNING:pe_image_reader.cc(340)] could not read dos header from C:\Windows\SYSTEM32\WINMMBASE.dll
[0402/003517.546:ERROR:process_memory_win.cc(73)] ReadMemory at 0x7ffbae2c0000 of 64 bytes failed: Only part of a ReadProcessMemory or WriteProcessMemory request was completed. (0x12B)
[0402/003517.546:WARNING:pe_image_reader.cc(340)] could not read dos header from C:\Windows\SYSTEM32\WINMMBASE.dll
[0402/003517.546:ERROR:process_memory_win.cc(73)] ReadMemory at 0x7ffbb08a0000 of 64 bytes failed: Only part of a ReadProcessMemory or WriteProcessMemory request was completed. (0x12B)
[0402/003517.546:WARNING:pe_image_reader.cc(340)] could not read dos header from C:\Windows\System32\cfgmgr32.dll
[0402/003517.546:ERROR:process_memory_win.cc(73)] ReadMemory at 0x7ffbb08a0000 of 64 bytes failed: Only part of a ReadProcessMemory or WriteProcessMemory request was completed. (0x12B)
[0402/003517.546:WARNING:pe_image_reader.cc(340)] could not read dos header from C:\Windows\System32\cfgmgr32.dll
[0402/003517.546:ERROR:process_memory_win.cc(73)] ReadMemory at 0x7ffbac450000 of 64 bytes failed: Only part of a ReadProcessMemory or WriteProcessMemory request was completed. (0x12B)
[0402/003517.546:WARNING:pe_image_reader.cc(340)] could not read dos header from C:\Windows\SYSTEM32\PROPSYS.dll
[0402/003517.546:ERROR:process_memory_win.cc(73)] ReadMemory at 0x7ffbac450000 of 64 bytes failed: Only part of a ReadProcessMemory or WriteProcessMemory request was completed. (0x12B)
[0402/003517.546:WARNING:pe_image_reader.cc(340)] could not read dos header from C:\Windows\SYSTEM32\PROPSYS.dll
[0402/003517.546:ERROR:process_memory_win.cc(73)] ReadMemory at 0x7ffbb26b0000 of 64 bytes failed: Only part of a ReadProcessMemory or WriteProcessMemory request was completed. (0x12B)
[0402/003517.546:WARNING:pe_image_reader.cc(340)] could not read dos header from C:\Windows\System32\shcore.dll
[0402/003517.546:ERROR:process_memory_win.cc(73)] ReadMemory at 0x7ffbb26b0000 of 64 bytes failed: Only part of a ReadProcessMemory or WriteProcessMemory request was completed. (0x12B)
[0402/003517.546:WARNING:pe_image_reader.cc(340)] could not read dos header from C:\Windows\System32\shcore.dll
[0402/003517.546:ERROR:process_memory_win.cc(73)] ReadMemory at 0x7ffbb0440000 of 64 bytes failed: Only part of a ReadProcessMemory or WriteProcessMemory request was completed. (0x12B)
[0402/003517.546:WARNING:pe_image_reader.cc(340)] could not read dos header from C:\Windows\SYSTEM32\SSPICLI.DLL
[0402/003517.546:ERROR:process_memory_win.cc(73)] ReadMemory at 0x7ffbb0440000 of 64 bytes failed: Only part of a ReadProcessMemory or WriteProcessMemory request was completed. (0x12B)
[0402/003517.546:WARNING:pe_image_reader.cc(340)] could not read dos header from C:\Windows\SYSTEM32\SSPICLI.DLL
[0402/003517.546:ERROR:process_memory_win.cc(73)] ReadMemory at 0x7ffbafec0000 of 64 bytes failed: Only part of a ReadProcessMemory or WriteProcessMemory request was completed. (0x12B)
[0402/003517.546:WARNING:pe_image_reader.cc(340)] could not read dos header from C:\Windows\SYSTEM32\CRYPTBASE.DLL
[0402/003517.546:ERROR:process_memory_win.cc(73)] ReadMemory at 0x7ffbafec0000 of 64 bytes failed: Only part of a ReadProcessMemory or WriteProcessMemory request was completed. (0x12B)
[0402/003517.546:WARNING:pe_image_reader.cc(340)] could not read dos header from C:\Windows\SYSTEM32\CRYPTBASE.DLL
[0402/003517.592:ERROR:process_memory_win.cc(73)] ReadMemory at 0x7ff77d5c0000 of 64 bytes failed: Only part of a ReadProcessMemory or WriteProcessMemory request was completed. (0x12B)
[0402/003517.592:WARNING:pe_image_reader.cc(340)] could not read dos header from C:\Program Files (x86)\Google\Chrome\Application\chrome.exe
[0402/003517.592:ERROR:process_memory_win.cc(73)] ReadMemory at 0x7ffbb3660000 of 64 bytes failed: Only part of a ReadProcessMemory or WriteProcessMemory request was completed. (0x12B)
[0402/003517.592:WARNING:pe_image_reader.cc(340)] could not read dos header from C:\Windows\SYSTEM32\ntdll.dll
[0402/003517.592:ERROR:process_memory_win.cc(73)] ReadMemory at 0x7ffbb18b0000 of 64 bytes failed: Only part of a ReadProcessMemory or WriteProcessMemory request was completed. (0x12B)
[0402/003517.592:WARNING:pe_image_reader.cc(340)] could not read dos header from C:\Windows\System32\KERNEL32.DLL
[0402/003517.592:ERROR:process_memory_win.cc(73)] ReadMemory at 0x7ffbb08f0000 of 64 bytes failed: Only part of a ReadProcessMemory or WriteProcessMemory request was completed. (0x12B)
[0402/003517.592:WARNING:pe_image_reader.cc(340)] could not read dos header from C:\Windows\System32\KERNELBASE.dll
[0402/003517.592:ERROR:process_memory_win.cc(73)] ReadMemory at 0x7ffb58710000 of 64 bytes failed: Only part of a ReadProcessMemory or WriteProcessMemory request was completed. (0x12B)
[0402/003517.592:WARNING:pe_image_reader.cc(340)] could not read dos header from C:\Program Files (x86)\Google\Chrome\Application\80.0.3987.149\chrome_elf.dll
[0402/003517.592:ERROR:process_memory_win.cc(73)] ReadMemory at 0x7ffbaaac0000 of 64 bytes failed: Only part of a ReadProcessMemory or WriteProcessMemory request was completed. (0x12B)
[0402/003517.592:WARNING:pe_image_reader.cc(340)] could not read dos header from C:\Windows\SYSTEM32\VERSION.dll
[0402/003517.592:ERROR:process_memory_win.cc(73)] ReadMemory at 0x7ffbb34f0000 of 64 bytes failed: Only part of a ReadProcessMemory or WriteProcessMemory request was completed. (0x12B)
[0402/003517.592:WARNING:pe_image_reader.cc(340)] could not read dos header from C:\Windows\System32\msvcrt.dll
[0402/003517.592:ERROR:process_memory_win.cc(73)] ReadMemory at 0x7ffbb1420000 of 64 bytes failed: Only part of a ReadProcessMemory or WriteProcessMemory request was completed. (0x12B)
[0402/003517.592:WARNING:pe_image_reader.cc(340)] could not read dos header from C:\Windows\System32\bcryptPrimitives.dll
[0402/003517.592:ERROR:process_memory_win.cc(73)] ReadMemory at 0x7ffbb19d0000 of 64 bytes failed: Only part of a ReadProcessMemory or WriteProcessMemory request was completed. (0x12B)
[0402/003517.592:WARNING:pe_image_reader.cc(340)] could not read dos header from C:\Windows\System32\ADVAPI32.dll
[0402/003517.592:ERROR:process_memory_win.cc(73)] ReadMemory at 0x7ffbb1810000 of 64 bytes failed: Only part of a ReadProcessMemory or WriteProcessMemory request was completed. (0x12B)
[0402/003517.592:WARNING:pe_image_reader.cc(340)] could not read dos header from C:\Windows\System32\sechost.dll
[0402/003517.592:ERROR:process_memory_win.cc(73)] ReadMemory at 0x7ffbb1a80000 of 64 bytes failed: Only part of a ReadProcessMemory or WriteProcessMemory request was completed. (0x12B)
[0402/003517.592:WARNING:pe_image_reader.cc(340)] could not read dos header from C:\Windows\System32\RPCRT4.dll
[0402/003517.592:ERROR:process_memory_win.cc(73)] ReadMemory at 0x7ffb3b390000 of 64 bytes failed: Only part of a ReadProcessMemory or WriteProcessMemory request was completed. (0x12B)
[0402/003517.592:WARNING:pe_image_reader.cc(340)] could not read dos header from C:\Program Files (x86)\Google\Chrome\Application\80.0.3987.149\chrome.dll
[0402/003517.592:ERROR:process_memory_win.cc(73)] ReadMemory at 0x7ffbb2640000 of 64 bytes failed: Only part of a ReadProcessMemory or WriteProcessMemory request was completed. (0x12B)
[0402/003517.592:WARNING:pe_image_reader.cc(340)] could not read dos header from C:\Windows\System32\WS2_32.dll
[0402/003517.592:ERROR:process_memory_win.cc(73)] ReadMemory at 0x7ffbb2570000 of 64 bytes failed: Only part of a ReadProcessMemory or WriteProcessMemory request was completed. (0x12B)
[0402/003517.592:WARNING:pe_image_reader.cc(340)] could not read dos header from C:\Windows\System32\OLEAUT32.dll
[0402/003517.592:ERROR:process_memory_win.cc(73)] ReadMemory at 0x7ffbb0770000 of 64 bytes failed: Only part of a ReadProcessMemory or WriteProcessMemory request was completed. (0x12B)
[0402/003517.592:WARNING:pe_image_reader.cc(340)] could not read dos header from C:\Windows\System32\msvcp_win.dll
[0402/003517.592:ERROR:process_memory_win.cc(73)] ReadMemory at 0x7ffbb1320000 of 64 bytes failed: Only part of a ReadProcessMemory or WriteProcessMemory request was completed. (0x12B)
[0402/003517.592:WARNING:pe_image_reader.cc(340)] could not read dos header from C:\Windows\System32\ucrtbase.dll
[0402/003517.592:ERROR:process_memory_win.cc(73)] ReadMemory at 0x7ffbb1d80000 of 64 bytes failed: Only part of a ReadProcessMemory or WriteProcessMemory request was completed. (0x12B)
[0402/003517.593:WARNING:pe_image_reader.cc(340)] could not read dos header from C:\Windows\System32\combase.dll
[0402/003517.593:ERROR:process_memory_win.cc(73)] ReadMemory at 0x7ffbb0810000 of 64 bytes failed: Only part of a ReadProcessMemory or WriteProcessMemory request was completed. (0x12B)
[0402/003517.593:WARNING:pe_image_reader.cc(340)] could not read dos header from C:\Windows\System32\WINTRUST.dll
[0402/003517.593:ERROR:process_memory_win.cc(73)] ReadMemory at 0x7ffbb0550000 of 64 bytes failed: Only part of a ReadProcessMemory or WriteProcessMemory request was completed. (0x12B)
[0402/003517.593:WARNING:pe_image_reader.cc(340)] could not read dos header from C:\Windows\System32\MSASN1.dll
[0402/003517.593:ERROR:process_memory_win.cc(73)] ReadMemory at 0x7ffbb05f0000 of 64 bytes failed: Only part of a ReadProcessMemory or WriteProcessMemory request was completed. (0x12B)
[0402/003517.593:WARNING:pe_image_reader.cc(340)] could not read dos header from C:\Windows\System32\CRYPT32.dll
[0402/003517.593:ERROR:process_memory_win.cc(73)] ReadMemory at 0x7ffbafa60000 of 64 bytes failed: Only part of a ReadProcessMemory or WriteProcessMemory request was completed. (0x12B)
[0402/003517.593:WARNING:pe_image_reader.cc(340)] could not read dos header from C:\Windows\SYSTEM32\IPHLPAPI.DLL
[0402/003517.593:ERROR:process_memory_win.cc(73)] ReadMemory at 0x7ffbae450000 of 64 bytes failed: Only part of a ReadProcessMemory or WriteProcessMemory request was completed. (0x12B)
[0402/003517.593:WARNING:pe_image_reader.cc(340)] could not read dos header from C:\Windows\SYSTEM32\WINMM.dll
[0402/003517.593:ERROR:process_memory_win.cc(73)] ReadMemory at 0x7ffba5d50000 of 64 bytes failed: Only part of a ReadProcessMemory or WriteProcessMemory request was completed. (0x12B)
[0402/003517.593:WARNING:pe_image_reader.cc(340)] could not read dos header from C:\Windows\SYSTEM32\Secur32.dll
[0402/003517.593:ERROR:process_memory_win.cc(73)] ReadMemory at 0x7ffbb0410000 of 64 bytes failed: Only part of a ReadProcessMemory or WriteProcessMemory request was completed. (0x12B)
[0402/003517.593:WARNING:pe_image_reader.cc(340)] could not read dos header from C:\Windows\SYSTEM32\USERENV.dll
[0402/003517.593:ERROR:process_memory_win.cc(73)] ReadMemory at 0x7ffbb0570000 of 64 bytes failed: Only part of a ReadProcessMemory or WriteProcessMemory request was completed. (0x12B)
[0402/003517.593:WARNING:pe_image_reader.cc(340)] could not read dos header from C:\Windows\System32\profapi.dll
[0402/003517.593:ERROR:process_memory_win.cc(73)] ReadMemory at 0x7ffb8b1e0000 of 64 bytes failed: Only part of a ReadProcessMemory or WriteProcessMemory request was completed. (0x12B)
[0402/003517.593:WARNING:pe_image_reader.cc(340)] could not read dos header from C:\Windows\SYSTEM32\UIAutomationCore.DLL
[0402/003517.593:ERROR:process_memory_win.cc(73)] ReadMemory at 0x7ffb955a0000 of 64 bytes failed: Only part of a ReadProcessMemory or WriteProcessMemory request was completed. (0x12B)
[0402/003517.593:WARNING:pe_image_reader.cc(340)] could not read dos header from C:\Windows\SYSTEM32\DWrite.dll
[0402/003517.593:ERROR:process_memory_win.cc(73)] ReadMemory at 0x7ffb83440000 of 64 bytes failed: Only part of a ReadProcessMemory or WriteProcessMemory request was completed. (0x12B)
[0402/003517.593:WARNING:pe_image_reader.cc(340)] could not read dos header from C:\Windows\SYSTEM32\WINSPOOL.DRV
[0402/003517.593:ERROR:process_memory_win.cc(73)] ReadMemory at 0x7ffbb0530000 of 64 bytes failed: Only part of a ReadProcessMemory or WriteProcessMemory request was completed. (0x12B)
[0402/003517.593:WARNING:pe_image_reader.cc(340)] could not read dos header from C:\Windows\System32\kernel.appcore.dll
[0402/003517.593:ERROR:process_memory_win.cc(73)] ReadMemory at 0x7ffbb0870000 of 64 bytes failed: Only part of a ReadProcessMemory or WriteProcessMemory request was completed. (0x12B)
[0402/003517.593:WARNING:pe_image_reader.cc(340)] could not read dos header from C:\Windows\System32\bcrypt.dll
[0402/003517.593:ERROR:process_memory_win.cc(73)] ReadMemory at 0x7ffba2dd0000 of 64 bytes failed: Only part of a ReadProcessMemory or WriteProcessMemory request was completed. (0x12B)
[0402/003517.593:WARNING:pe_image_reader.cc(340)] could not read dos header from C:\Windows\SYSTEM32\dbghelp.dll
[0402/003517.593:ERROR:process_memory_win.cc(73)] ReadMemory at 0x7ffbaa250000 of 64 bytes failed: Only part of a ReadProcessMemory or WriteProcessMemory request was completed. (0x12B)
[0402/003517.593:WARNING:pe_image_reader.cc(340)] could not read dos header from C:\Windows\SYSTEM32\WINHTTP.dll
[0402/003517.593:ERROR:process_memory_win.cc(73)] ReadMemory at 0x7ffbab8f0000 of 64 bytes failed: Only part of a ReadProcessMemory or WriteProcessMemory request was completed. (0x12B)
[0402/003517.593:WARNING:pe_image_reader.cc(340)] could not read dos header from C:\Windows\SYSTEM32\dhcpcsvc.DLL
[0402/003517.593:ERROR:process_memory_win.cc(73)] ReadMemory at 0x7ffbb1710000 of 64 bytes failed: Only part of a ReadProcessMemory or WriteProcessMemory request was completed. (0x12B)
[0402/003517.593:WARNING:pe_image_reader.cc(340)] could not read dos header from C:\Windows\System32\NSI.dll
[0402/003517.593:ERROR:process_memory_win.cc(73)] ReadMemory at 0x7ffbae2c0000 of 64 bytes failed: Only part of a ReadProcessMemory or WriteProcessMemory request was completed. (0x12B)
[0402/003517.593:WARNING:pe_image_reader.cc(340)] could not read dos header from C:\Windows\SYSTEM32\WINMMBASE.dll
[0402/003517.593:ERROR:process_memory_win.cc(73)] ReadMemory at 0x7ffbb08a0000 of 64 bytes failed: Only part of a ReadProcessMemory or WriteProcessMemory request was completed. (0x12B)
[0402/003517.593:WARNING:pe_image_reader.cc(340)] could not read dos header from C:\Windows\System32\cfgmgr32.dll
[0402/003517.593:ERROR:process_memory_win.cc(73)] ReadMemory at 0x7ffbac450000 of 64 bytes failed: Only part of a ReadProcessMemory or WriteProcessMemory request was completed. (0x12B)
[0402/003517.593:WARNING:pe_image_reader.cc(340)] could not read dos header from C:\Windows\SYSTEM32\PROPSYS.dll
[0402/003517.593:ERROR:process_memory_win.cc(73)] ReadMemory at 0x7ffbb26b0000 of 64 bytes failed: Only part of a ReadProcessMemory or WriteProcessMemory request was completed. (0x12B)
[0402/003517.593:WARNING:pe_image_reader.cc(340)] could not read dos header from C:\Windows\System32\shcore.dll
[0402/003517.593:ERROR:process_memory_win.cc(73)] ReadMemory at 0x7ffbb0440000 of 64 bytes failed: Only part of a ReadProcessMemory or WriteProcessMemory request was completed. (0x12B)
[0402/003517.594:WARNING:pe_image_reader.cc(340)] could not read dos header from C:\Windows\SYSTEM32\SSPICLI.DLL
[0402/003517.594:ERROR:process_memory_win.cc(73)] ReadMemory at 0x7ffbafec0000 of 64 bytes failed: Only part of a ReadProcessMemory or WriteProcessMemory request was completed. (0x12B)
[0402/003517.594:WARNING:pe_image_reader.cc(340)] could not read dos header from C:\Windows\SYSTEM32\CRYPTBASE.DLL
[0402/003517.594:ERROR:process_memory_win.cc(73)] ReadMemory at 0x7ff77d5c0000 of 64 bytes failed: Only part of a ReadProcessMemory or WriteProcessMemory request was completed. (0x12B)
[0402/003517.594:WARNING:pe_image_reader.cc(340)] could not read dos header from C:\Program Files (x86)\Google\Chrome\Application\chrome.exe
[0402/003517.594:ERROR:process_memory_win.cc(73)] ReadMemory at 0x7ffbb3660000 of 64 bytes failed: Only part of a ReadProcessMemory or WriteProcessMemory request was completed. (0x12B)
[0402/003517.594:WARNING:pe_image_reader.cc(340)] could not read dos header from C:\Windows\SYSTEM32\ntdll.dll
[0402/003517.594:ERROR:process_memory_win.cc(73)] ReadMemory at 0x7ffbb18b0000 of 64 bytes failed: Only part of a ReadProcessMemory or WriteProcessMemory request was completed. (0x12B)
[0402/003517.594:WARNING:pe_image_reader.cc(340)] could not read dos header from C:\Windows\System32\KERNEL32.DLL
[0402/003517.594:ERROR:process_memory_win.cc(73)] ReadMemory at 0x7ffbb08f0000 of 64 bytes failed: Only part of a ReadProcessMemory or WriteProcessMemory request was completed. (0x12B)
[0402/003517.594:WARNING:pe_image_reader.cc(340)] could not read dos header from C:\Windows\System32\KERNELBASE.dll
[0402/003517.594:ERROR:process_memory_win.cc(73)] ReadMemory at 0x7ffb58710000 of 64 bytes failed: Only part of a ReadProcessMemory or WriteProcessMemory request was completed. (0x12B)
[0402/003517.594:WARNING:pe_image_reader.cc(340)] could not read dos header from C:\Program Files (x86)\Google\Chrome\Application\80.0.3987.149\chrome_elf.dll
[0402/003517.594:ERROR:process_memory_win.cc(73)] ReadMemory at 0x7ffbaaac0000 of 64 bytes failed: Only part of a ReadProcessMemory or WriteProcessMemory request was completed. (0x12B)
[0402/003517.594:WARNING:pe_image_reader.cc(340)] could not read dos header from C:\Windows\SYSTEM32\VERSION.dll
[0402/003517.594:ERROR:process_memory_win.cc(73)] ReadMemory at 0x7ffbb34f0000 of 64 bytes failed: Only part of a ReadProcessMemory or WriteProcessMemory request was completed. (0x12B)
[0402/003517.594:WARNING:pe_image_reader.cc(340)] could not read dos header from C:\Windows\System32\msvcrt.dll
[0402/003517.594:ERROR:process_memory_win.cc(73)] ReadMemory at 0x7ffbb1420000 of 64 bytes failed: Only part of a ReadProcessMemory or WriteProcessMemory request was completed. (0x12B)
[0402/003517.594:WARNING:pe_image_reader.cc(340)] could not read dos header from C:\Windows\System32\bcryptPrimitives.dll
[0402/003517.594:ERROR:process_memory_win.cc(73)] ReadMemory at 0x7ffbb19d0000 of 64 bytes failed: Only part of a ReadProcessMemory or WriteProcessMemory request was completed. (0x12B)
[0402/003517.594:WARNING:pe_image_reader.cc(340)] could not read dos header from C:\Windows\System32\ADVAPI32.dll
[0402/003517.594:ERROR:process_memory_win.cc(73)] ReadMemory at 0x7ffbb1810000 of 64 bytes failed: Only part of a ReadProcessMemory or WriteProcessMemory request was completed. (0x12B)
[0402/003517.594:WARNING:pe_image_reader.cc(340)] could not read dos header from C:\Windows\System32\sechost.dll
[0402/003517.594:ERROR:process_memory_win.cc(73)] ReadMemory at 0x7ffbb1a80000 of 64 bytes failed: Only part of a ReadProcessMemory or WriteProcessMemory request was completed. (0x12B)
[0402/003517.594:WARNING:pe_image_reader.cc(340)] could not read dos header from C:\Windows\System32\RPCRT4.dll
[0402/003517.594:ERROR:process_memory_win.cc(73)] ReadMemory at 0x7ffb3b390000 of 64 bytes failed: Only part of a ReadProcessMemory or WriteProcessMemory request was completed. (0x12B)
[0402/003517.594:WARNING:pe_image_reader.cc(340)] could not read dos header from C:\Program Files (x86)\Google\Chrome\Application\80.0.3987.149\chrome.dll
[0402/003517.594:ERROR:process_memory_win.cc(73)] ReadMemory at 0x7ffbb2640000 of 64 bytes failed: Only part of a ReadProcessMemory or WriteProcessMemory request was completed. (0x12B)
[0402/003517.594:WARNING:pe_image_reader.cc(340)] could not read dos header from C:\Windows\System32\WS2_32.dll
[0402/003517.594:ERROR:process_memory_win.cc(73)] ReadMemory at 0x7ffbb2570000 of 64 bytes failed: Only part of a ReadProcessMemory or WriteProcessMemory request was completed. (0x12B)
[0402/003517.594:WARNING:pe_image_reader.cc(340)] could not read dos header from C:\Windows\System32\OLEAUT32.dll
[0402/003517.594:ERROR:process_memory_win.cc(73)] ReadMemory at 0x7ffbb0770000 of 64 bytes failed: Only part of a ReadProcessMemory or WriteProcessMemory request was completed. (0x12B)
[0402/003517.594:WARNING:pe_image_reader.cc(340)] could not read dos header from C:\Windows\System32\msvcp_win.dll
[0402/003517.595:ERROR:process_memory_win.cc(73)] ReadMemory at 0x7ffbb1320000 of 64 bytes failed: Only part of a ReadProcessMemory or WriteProcessMemory request was completed. (0x12B)
[0402/003517.595:WARNING:pe_image_reader.cc(340)] could not read dos header from C:\Windows\System32\ucrtbase.dll
[0402/003517.595:ERROR:process_memory_win.cc(73)] ReadMemory at 0x7ffbb1d80000 of 64 bytes failed: Only part of a ReadProcessMemory or WriteProcessMemory request was completed. (0x12B)
[0402/003517.595:WARNING:pe_image_reader.cc(340)] could not read dos header from C:\Windows\System32\combase.dll
[0402/003517.595:ERROR:process_memory_win.cc(73)] ReadMemory at 0x7ffbb0810000 of 64 bytes failed: Only part of a ReadProcessMemory or WriteProcessMemory request was completed. (0x12B)
[0402/003517.595:WARNING:pe_image_reader.cc(340)] could not read dos header from C:\Windows\System32\WINTRUST.dll
[0402/003517.595:ERROR:process_memory_win.cc(73)] ReadMemory at 0x7ffbb0550000 of 64 bytes failed: Only part of a ReadProcessMemory or WriteProcessMemory request was completed. (0x12B)
[0402/003517.595:WARNING:pe_image_reader.cc(340)] could not read dos header from C:\Windows\System32\MSASN1.dll
[0402/003517.595:ERROR:process_memory_win.cc(73)] ReadMemory at 0x7ffbb05f0000 of 64 bytes failed: Only part of a ReadProcessMemory or WriteProcessMemory request was completed. (0x12B)
[0402/003517.595:WARNING:pe_image_reader.cc(340)] could not read dos header from C:\Windows\System32\CRYPT32.dll
[0402/003517.595:ERROR:process_memory_win.cc(73)] ReadMemory at 0x7ffbafa60000 of 64 bytes failed: Only part of a ReadProcessMemory or WriteProcessMemory request was completed. (0x12B)
[0402/003517.595:WARNING:pe_image_reader.cc(340)] could not read dos header from C:\Windows\SYSTEM32\IPHLPAPI.DLL
[0402/003517.595:ERROR:process_memory_win.cc(73)] ReadMemory at 0x7ffbae450000 of 64 bytes failed: Only part of a ReadProcessMemory or WriteProcessMemory request was completed. (0x12B)
[0402/003517.595:WARNING:pe_image_reader.cc(340)] could not read dos header from C:\Windows\SYSTEM32\WINMM.dll
[0402/003517.595:ERROR:process_memory_win.cc(73)] ReadMemory at 0x7ffba5d50000 of 64 bytes failed: Only part of a ReadProcessMemory or WriteProcessMemory request was completed. (0x12B)
[0402/003517.595:WARNING:pe_image_reader.cc(340)] could not read dos header from C:\Windows\SYSTEM32\Secur32.dll
[0402/003517.595:ERROR:process_memory_win.cc(73)] ReadMemory at 0x7ffbb0410000 of 64 bytes failed: Only part of a ReadProcessMemory or WriteProcessMemory request was completed. (0x12B)
[0402/003517.595:WARNING:pe_image_reader.cc(340)] could not read dos header from C:\Windows\SYSTEM32\USERENV.dll
[0402/003517.595:ERROR:process_memory_win.cc(73)] ReadMemory at 0x7ffbb0570000 of 64 bytes failed: Only part of a ReadProcessMemory or WriteProcessMemory request was completed. (0x12B)
[0402/003517.595:WARNING:pe_image_reader.cc(340)] could not read dos header from C:\Windows\System32\profapi.dll
[0402/003517.595:ERROR:process_memory_win.cc(73)] ReadMemory at 0x7ffb8b1e0000 of 64 bytes failed: Only part of a ReadProcessMemory or WriteProcessMemory request was completed. (0x12B)
[0402/003517.595:WARNING:pe_image_reader.cc(340)] could not read dos header from C:\Windows\SYSTEM32\UIAutomationCore.DLL
[0402/003517.595:ERROR:process_memory_win.cc(73)] ReadMemory at 0x7ffb955a0000 of 64 bytes failed: Only part of a ReadProcessMemory or WriteProcessMemory request was completed. (0x12B)
[0402/003517.595:WARNING:pe_image_reader.cc(340)] could not read dos header from C:\Windows\SYSTEM32\DWrite.dll
[0402/003517.595:ERROR:process_memory_win.cc(73)] ReadMemory at 0x7ffb83440000 of 64 bytes failed: Only part of a ReadProcessMemory or WriteProcessMemory request was completed. (0x12B)
[0402/003517.595:WARNING:pe_image_reader.cc(340)] could not read dos header from C:\Windows\SYSTEM32\WINSPOOL.DRV
[0402/003517.595:ERROR:process_memory_win.cc(73)] ReadMemory at 0x7ffbb0530000 of 64 bytes failed: Only part of a ReadProcessMemory or WriteProcessMemory request was completed. (0x12B)
[0402/003517.595:WARNING:pe_image_reader.cc(340)] could not read dos header from C:\Windows\System32\kernel.appcore.dll
[0402/003517.595:ERROR:process_memory_win.cc(73)] ReadMemory at 0x7ffbb0870000 of 64 bytes failed: Only part of a ReadProcessMemory or WriteProcessMemory request was completed. (0x12B)
[0402/003517.595:WARNING:pe_image_reader.cc(340)] could not read dos header from C:\Windows\System32\bcrypt.dll
[0402/003517.595:ERROR:process_memory_win.cc(73)] ReadMemory at 0x7ffba2dd0000 of 64 bytes failed: Only part of a ReadProcessMemory or WriteProcessMemory request was completed. (0x12B)
[0402/003517.595:WARNING:pe_image_reader.cc(340)] could not read dos header from C:\Windows\SYSTEM32\dbghelp.dll
[0402/003517.595:ERROR:process_memory_win.cc(73)] ReadMemory at 0x7ffbaa250000 of 64 bytes failed: Only part of a ReadProcessMemory or WriteProcessMemory request was completed. (0x12B)
[0402/003517.595:WARNING:pe_image_reader.cc(340)] could not read dos header from C:\Windows\SYSTEM32\WINHTTP.dll
[0402/003517.595:ERROR:process_memory_win.cc(73)] ReadMemory at 0x7ffbab8f0000 of 64 bytes failed: Only part of a ReadProcessMemory or WriteProcessMemory request was completed. (0x12B)
[0402/003517.595:WARNING:pe_image_reader.cc(340)] could not read dos header from C:\Windows\SYSTEM32\dhcpcsvc.DLL
[0402/003517.595:ERROR:process_memory_win.cc(73)] ReadMemory at 0x7ffbb1710000 of 64 bytes failed: Only part of a ReadProcessMemory or WriteProcessMemory request was completed. (0x12B)
[0402/003517.596:WARNING:pe_image_reader.cc(340)] could not read dos header from C:\Windows\System32\NSI.dll
[0402/003517.596:ERROR:process_memory_win.cc(73)] ReadMemory at 0x7ffbae2c0000 of 64 bytes failed: Only part of a ReadProcessMemory or WriteProcessMemory request was completed. (0x12B)
[0402/003517.596:WARNING:pe_image_reader.cc(340)] could not read dos header from C:\Windows\SYSTEM32\WINMMBASE.dll
[0402/003517.596:ERROR:process_memory_win.cc(73)] ReadMemory at 0x7ffbb08a0000 of 64 bytes failed: Only part of a ReadProcessMemory or WriteProcessMemory request was completed. (0x12B)
[0402/003517.596:WARNING:pe_image_reader.cc(340)] could not read dos header from C:\Windows\System32\cfgmgr32.dll
[0402/003517.596:ERROR:process_memory_win.cc(73)] ReadMemory at 0x7ffbac450000 of 64 bytes failed: Only part of a ReadProcessMemory or WriteProcessMemory request was completed. (0x12B)
[0402/003517.596:WARNING:pe_image_reader.cc(340)] could not read dos header from C:\Windows\SYSTEM32\PROPSYS.dll
[0402/003517.596:ERROR:process_memory_win.cc(73)] ReadMemory at 0x7ffbb26b0000 of 64 bytes failed: Only part of a ReadProcessMemory or WriteProcessMemory request was completed. (0x12B)
[0402/003517.596:WARNING:pe_image_reader.cc(340)] could not read dos header from C:\Windows\System32\shcore.dll
[0402/003517.596:ERROR:process_memory_win.cc(73)] ReadMemory at 0x7ffbb0440000 of 64 bytes failed: Only part of a ReadProcessMemory or WriteProcessMemory request was completed. (0x12B)
[0402/003517.596:WARNING:pe_image_reader.cc(340)] could not read dos header from C:\Windows\SYSTEM32\SSPICLI.DLL
[0402/003517.596:ERROR:process_memory_win.cc(73)] ReadMemory at 0x7ffbafec0000 of 64 bytes failed: Only part of a ReadProcessMemory or WriteProcessMemory request was completed. (0x12B)
[0402/003517.596:WARNING:pe_image_reader.cc(340)] could not read dos header from C:\Windows\SYSTEM32\CRYPTBASE.DLL
[0402/003517.600:ERROR:process_memory_win.cc(73)] ReadMemory at 0xbe081f9000 of 28672 bytes failed: Only part of a ReadProcessMemory or WriteProcessMemory request was completed. (0x12B)
[0402/003517.600:ERROR:process_memory_win.cc(73)] ReadMemory at 0xbe089fd000 of 12288 bytes failed: Only part of a ReadProcessMemory or WriteProcessMemory request was completed. (0x12B)
[0402/003517.600:ERROR:process_memory_win.cc(73)] ReadMemory at 0xbe091fd000 of 12288 bytes failed: Only part of a ReadProcessMemory or WriteProcessMemory request was completed. (0x12B)
[0402/003517.600:ERROR:process_memory_win.cc(73)] ReadMemory at 0xbe099fc000 of 16384 bytes failed: Only part of a ReadProcessMemory or WriteProcessMemory request was completed. (0x12B)
[0402/003517.600:ERROR:process_memory_win.cc(73)] ReadMemory at 0xbe0a1fc000 of 16384 bytes failed: Only part of a ReadProcessMemory or WriteProcessMemory request was completed. (0x12B)
[0402/003517.600:ERROR:process_memory_win.cc(73)] ReadMemory at 0xbe0a9fe000 of 8192 bytes failed: Only part of a ReadProcessMemory or WriteProcessMemory request was completed. (0x12B)
[0402/003517.600:ERROR:process_memory_win.cc(73)] ReadMemory at 0xbe0b1fd000 of 12288 bytes failed: Only part of a ReadProcessMemory or WriteProcessMemory request was completed. (0x12B)
[0402/003517.600:ERROR:process_memory_win.cc(73)] ReadMemory at 0xbe0b9fd000 of 12288 bytes failed: Only part of a ReadProcessMemory or WriteProcessMemory request was completed. (0x12B)
[0402/003517.600:ERROR:process_memory_win.cc(73)] ReadMemory at 0xbe0c1fd000 of 12288 bytes failed: Only part of a ReadProcessMemory or WriteProcessMemory request was completed. (0x12B)
[0402/003517.600:ERROR:process_memory_win.cc(73)] ReadMemory at 0xbe0c9fd000 of 12288 bytes failed: Only part of a ReadProcessMemory or WriteProcessMemory request was completed. (0x12B)
[0402/003517.601:ERROR:process_memory_win.cc(73)] ReadMemory at 0xbe0d1fd000 of 12288 bytes failed: Only part of a ReadProcessMemory or WriteProcessMemory request was completed. (0x12B)
[0402/003517.601:ERROR:process_memory_win.cc(73)] ReadMemory at 0xbe0d9fd000 of 12288 bytes failed: Only part of a ReadProcessMemory or WriteProcessMemory request was completed. (0x12B)
[0402/003517.601:ERROR:process_memory_win.cc(73)] ReadMemory at 0xbe0e1fd000 of 12288 bytes failed: Only part of a ReadProcessMemory or WriteProcessMemory request was completed. (0x12B)
[0402/003517.601:ERROR:process_memory_win.cc(73)] ReadMemory at 0xbe0e9fd000 of 12288 bytes failed: Only part of a ReadProcessMemory or WriteProcessMemory request was completed. (0x12B)
[0402/003517.601:ERROR:process_memory_win.cc(73)] ReadMemory at 0xbe0f1fd000 of 12288 bytes failed: Only part of a ReadProcessMemory or WriteProcessMemory request was completed. (0x12B)
[0402/003517.601:ERROR:process_memory_win.cc(73)] ReadMemory at 0xbe07800000 of 6024 bytes failed: Only part of a ReadProcessMemory or WriteProcessMemory request was completed. (0x12B)
[0402/003517.601:ERROR:process_memory_win.cc(73)] ReadMemory at 0xbe07802000 of 6024 bytes failed: Only part of a ReadProcessMemory or WriteProcessMemory request was completed. (0x12B)
[0402/003517.601:ERROR:process_memory_win.cc(73)] ReadMemory at 0xbe07804000 of 6024 bytes failed: Only part of a ReadProcessMemory or WriteProcessMemory request was completed. (0x12B)
[0402/003517.601:ERROR:process_memory_win.cc(73)] ReadMemory at 0xbe07806000 of 6024 bytes failed: Only part of a ReadProcessMemory or WriteProcessMemory request was completed. (0x12B)
[0402/003517.601:ERROR:process_memory_win.cc(73)] ReadMemory at 0xbe07808000 of 6024 bytes failed: Only part of a ReadProcessMemory or WriteProcessMemory request was completed. (0x12B)
[0402/003517.601:ERROR:process_memory_win.cc(73)] ReadMemory at 0xbe0780a000 of 6024 bytes failed: Only part of a ReadProcessMemory or WriteProcessMemory request was completed. (0x12B)
[0402/003517.601:ERROR:process_memory_win.cc(73)] ReadMemory at 0xbe0780c000 of 6024 bytes failed: Only part of a ReadProcessMemory or WriteProcessMemory request was completed. (0x12B)
[0402/003517.601:ERROR:process_memory_win.cc(73)] ReadMemory at 0xbe0780e000 of 6024 bytes failed: Only part of a ReadProcessMemory or WriteProcessMemory request was completed. (0x12B)
[0402/003517.602:ERROR:process_memory_win.cc(73)] ReadMemory at 0xbe07810000 of 6024 bytes failed: Only part of a ReadProcessMemory or WriteProcessMemory request was completed. (0x12B)
[0402/003517.602:ERROR:process_memory_win.cc(73)] ReadMemory at 0xbe079f2000 of 852 bytes failed: Only part of a ReadProcessMemory or WriteProcessMemory request was completed. (0x12B)
[0402/003517.602:ERROR:process_memory_win.cc(73)] ReadMemory at 0xbe079f3000 of 6024 bytes failed: Only part of a ReadProcessMemory or WriteProcessMemory request was completed. (0x12B)
[0402/003517.602:ERROR:process_memory_win.cc(73)] ReadMemory at 0xbe079f5000 of 6024 bytes failed: Only part of a ReadProcessMemory or WriteProcessMemory request was completed. (0x12B)
[0402/003517.602:ERROR:process_memory_win.cc(73)] ReadMemory at 0xbe079f7000 of 6024 bytes failed: Only part of a ReadProcessMemory or WriteProcessMemory request was completed. (0x12B)
[0402/003517.602:ERROR:process_memory_win.cc(73)] ReadMemory at 0xbe079f9000 of 6024 bytes failed: Only part of a ReadProcessMemory or WriteProcessMemory request was completed. (0x12B)
[0402/003517.602:ERROR:process_memory_win.cc(73)] ReadMemory at 0xbe079fb000 of 6024 bytes failed: Only part of a ReadProcessMemory or WriteProcessMemory request was completed. (0x12B)
[0402/003517.602:ERROR:process_memory_win.cc(73)] ReadMemory at 0xbe079fd000 of 6024 bytes failed: Only part of a ReadProcessMemory or WriteProcessMemory request was completed. (0x12B)
[0402/003517.602:ERROR:process_memory_win.cc(73)] ReadMemory at 0x28611df0fe0 of 21152 bytes failed: Only part of a ReadProcessMemory or WriteProcessMemory request was completed. (0x12B)
[0402/003517.602:ERROR:process_memory_win.cc(73)] ReadMemory at 0x28611df6290 of 1012 bytes failed: Only part of a ReadProcessMemory or WriteProcessMemory request was completed. (0x12B)
[0402/003517.602:ERROR:process_memory_win.cc(73)] ReadMemory at 0x28611df68d8 of 118 bytes failed: Only part of a ReadProcessMemory or WriteProcessMemory request was completed. (0x12B)
[0402/003517.603:ERROR:process_memory_win.cc(73)] ReadMemory at 0x28611df6950 of 754 bytes failed: Only part of a ReadProcessMemory or WriteProcessMemory request was completed. (0x12B)
[0402/003517.603:ERROR:process_memory_win.cc(73)] ReadMemory at 0x28611df6c44 of 118 bytes failed: Only part of a ReadProcessMemory or WriteProcessMemory request was completed. (0x12B)
[0402/003517.603:ERROR:process_memory_win.cc(73)] ReadMemory at 0x28611df6cbc of 100 bytes failed: Only part of a ReadProcessMemory or WriteProcessMemory request was completed. (0x12B)
[0402/003517.603:ERROR:process_memory_win.cc(73)] ReadMemory at 0x28611df6d30 of 58 bytes failed: Only part of a ReadProcessMemory or WriteProcessMemory request was completed. (0x12B)
[0402/003517.603:ERROR:process_memory_win.cc(73)] ReadMemory at 0x28611df6e30 of 132 bytes failed: Only part of a ReadProcessMemory or WriteProcessMemory request was completed. (0x12B)
[0402/003517.603:ERROR:process_memory_win.cc(73)] ReadMemory at 0x28611df6fc0 of 132 bytes failed: Only part of a ReadProcessMemory or WriteProcessMemory request was completed. (0x12B)
[0402/003517.603:ERROR:process_memory_win.cc(73)] ReadMemory at 0x28611df7180 of 126 bytes failed: Only part of a ReadProcessMemory or WriteProcessMemory request was completed. (0x12B)
[0402/003517.603:ERROR:process_memory_win.cc(73)] ReadMemory at 0x28611df7560 of 132 bytes failed: Only part of a ReadProcessMemory or WriteProcessMemory request was completed. (0x12B)
[0402/003517.603:ERROR:process_memory_win.cc(73)] ReadMemory at 0x28611df76f0 of 64 bytes failed: Only part of a ReadProcessMemory or WriteProcessMemory request was completed. (0x12B)
[0402/003517.603:ERROR:process_memory_win.cc(73)] ReadMemory at 0x28611df7740 of 132 bytes failed: Only part of a ReadProcessMemory or WriteProcessMemory request was completed. (0x12B)
[0402/003517.603:ERROR:process_memory_win.cc(73)] ReadMemory at 0x28611df78b0 of 132 bytes failed: Only part of a ReadProcessMemory or WriteProcessMemory request was completed. (0x12B)
[0402/003517.603:ERROR:process_memory_win.cc(73)] ReadMemory at 0x28611df7b50 of 132 bytes failed: Only part of a ReadProcessMemory or WriteProcessMemory request was completed. (0x12B)
[0402/003517.603:ERROR:process_memory_win.cc(73)] ReadMemory at 0x28611df7ce0 of 68 bytes failed: Only part of a ReadProcessMemory or WriteProcessMemory request was completed. (0x12B)
[0402/003517.603:ERROR:process_memory_win.cc(73)] ReadMemory at 0x28611df8db0 of 132 bytes failed: Only part of a ReadProcessMemory or WriteProcessMemory request was completed. (0x12B)
[0402/003517.603:ERROR:process_memory_win.cc(73)] ReadMemory at 0x28611df8f40 of 154 bytes failed: Only part of a ReadProcessMemory or WriteProcessMemory request was completed. (0x12B)
[0402/003517.603:ERROR:process_memory_win.cc(73)] ReadMemory at 0x28611df9e00 of 62 bytes failed: Only part of a ReadProcessMemory or WriteProcessMemory request was completed. (0x12B)
[0402/003517.603:ERROR:process_memory_win.cc(73)] ReadMemory at 0x28611df9e50 of 146 bytes failed: Only part of a ReadProcessMemory or WriteProcessMemory request was completed. (0x12B)
[0402/003517.603:ERROR:process_memory_win.cc(73)] ReadMemory at 0x28611df9f30 of 132 bytes failed: Only part of a ReadProcessMemory or WriteProcessMemory request was completed. (0x12B)
[0402/003517.603:ERROR:process_memory_win.cc(73)] ReadMemory at 0x28611dfa0c0 of 60 bytes failed: Only part of a ReadProcessMemory or WriteProcessMemory request was completed. (0x12B)
[0402/003517.604:ERROR:process_memory_win.cc(73)] ReadMemory at 0x28611dfa2ac of 512 bytes failed: Only part of a ReadProcessMemory or WriteProcessMemory request was completed. (0x12B)
[0402/003517.604:ERROR:process_memory_win.cc(73)] ReadMemory at 0x28611dfb2d0 of 132 bytes failed: Only part of a ReadProcessMemory or WriteProcessMemory request was completed. (0x12B)
[0402/003517.604:ERROR:process_memory_win.cc(73)] ReadMemory at 0x28611dfb630 of 132 bytes failed: Only part of a ReadProcessMemory or WriteProcessMemory request was completed. (0x12B)
[0402/003517.604:ERROR:process_memory_win.cc(73)] ReadMemory at 0x28611dfb840 of 132 bytes failed: Only part of a ReadProcessMemory or WriteProcessMemory request was completed. (0x12B)
[0402/003517.604:ERROR:process_memory_win.cc(73)] ReadMemory at 0x28611dfe260 of 132 bytes failed: Only part of a ReadProcessMemory or WriteProcessMemory request was completed. (0x12B)
[0402/003517.604:ERROR:process_memory_win.cc(73)] ReadMemory at 0x28611dfe390 of 132 bytes failed: Only part of a ReadProcessMemory or WriteProcessMemory request was completed. (0x12B)
[0402/003517.604:ERROR:process_memory_win.cc(73)] ReadMemory at 0x28611dfe520 of 80 bytes failed: Only part of a ReadProcessMemory or WriteProcessMemory request was completed. (0x12B)
[0402/003517.604:ERROR:process_memory_win.cc(73)] ReadMemory at 0x28611dfe6c0 of 60 bytes failed: Only part of a ReadProcessMemory or WriteProcessMemory request was completed. (0x12B)
[0402/003517.604:ERROR:process_memory_win.cc(73)] ReadMemory at 0x28611dfe760 of 64 bytes failed: Only part of a ReadProcessMemory or WriteProcessMemory request was completed. (0x12B)
[0402/003517.604:ERROR:process_memory_win.cc(73)] ReadMemory at 0x28611dfe7b0 of 62 bytes failed: Only part of a ReadProcessMemory or WriteProcessMemory request was completed. (0x12B)
[0402/003517.604:ERROR:process_memory_win.cc(73)] ReadMemory at 0x28611dfe8a0 of 62 bytes failed: Only part of a ReadProcessMemory or WriteProcessMemory request was completed. (0x12B)
[0402/003517.604:ERROR:process_memory_win.cc(73)] ReadMemory at 0x28611dfea80 of 60 bytes failed: Only part of a ReadProcessMemory or WriteProcessMemory request was completed. (0x12B)
[0402/003517.604:ERROR:process_memory_win.cc(73)] ReadMemory at 0x28611dfead0 of 64 bytes failed: Only part of a ReadProcessMemory or WriteProcessMemory request was completed. (0x12B)
[0402/003517.604:ERROR:process_memory_win.cc(73)] ReadMemory at 0x28611dfec10 of 66 bytes failed: Only part of a ReadProcessMemory or WriteProcessMemory request was completed. (0x12B)
[0402/003517.605:ERROR:process_memory_win.cc(73)] ReadMemory at 0x28611dfec60 of 64 bytes failed: Only part of a ReadProcessMemory or WriteProcessMemory request was completed. (0x12B)
[0402/003517.605:ERROR:process_memory_win.cc(73)] ReadMemory at 0x28611dfed00 of 64 bytes failed: Only part of a ReadProcessMemory or WriteProcessMemory request was completed. (0x12B)
[0402/003517.605:ERROR:process_memory_win.cc(73)] ReadMemory at 0x28611dff350 of 54 bytes failed: Only part of a ReadProcessMemory or WriteProcessMemory request was completed. (0x12B)
[0402/003517.605:ERROR:process_memory_win.cc(73)] ReadMemory at 0x28611e02a20 of 132 bytes failed: Only part of a ReadProcessMemory or WriteProcessMemory request was completed. (0x12B)
[0402/003517.605:ERROR:process_memory_win.cc(73)] ReadMemory at 0x28611e02d70 of 132 bytes failed: Only part of a ReadProcessMemory or WriteProcessMemory request was completed. (0x12B)
[0402/003517.605:ERROR:process_memory_win.cc(73)] ReadMemory at 0x28611e02ea0 of 132 bytes failed: Only part of a ReadProcessMemory or WriteProcessMemory request was completed. (0x12B)
[0402/003517.605:ERROR:process_memory_win.cc(73)] ReadMemory at 0x28611e04130 of 132 bytes failed: Only part of a ReadProcessMemory or WriteProcessMemory request was completed. (0x12B)
[0402/003517.605:ERROR:process_memory_win.cc(73)] ReadMemory at 0x28611e04260 of 132 bytes failed: Only part of a ReadProcessMemory or WriteProcessMemory request was completed. (0x12B)
[0402/003517.605:ERROR:process_memory_win.cc(73)] ReadMemory at 0x28611e04390 of 132 bytes failed: Only part of a ReadProcessMemory or WriteProcessMemory request was completed. (0x12B)
[0402/003517.605:ERROR:process_memory_win.cc(73)] ReadMemory at 0x28611e045f0 of 132 bytes failed: Only part of a ReadProcessMemory or WriteProcessMemory request was completed. (0x12B)
[0402/003517.605:ERROR:process_memory_win.cc(73)] ReadMemory at 0x28611e04720 of 132 bytes failed: Only part of a ReadProcessMemory or WriteProcessMemory request was completed. (0x12B)
[0402/003517.605:ERROR:process_memory_win.cc(73)] ReadMemory at 0x28611e04850 of 132 bytes failed: Only part of a ReadProcessMemory or WriteProcessMemory request was completed. (0x12B)
[0402/003517.605:ERROR:process_memory_win.cc(73)] ReadMemory at 0x28611e04980 of 132 bytes failed: Only part of a ReadProcessMemory or WriteProcessMemory request was completed. (0x12B)
[0402/003517.605:ERROR:process_memory_win.cc(73)] ReadMemory at 0x28611e04ab0 of 132 bytes failed: Only part of a ReadProcessMemory or WriteProcessMemory request was completed. (0x12B)
[0402/003517.605:ERROR:process_memory_win.cc(73)] ReadMemory at 0x28611e04be0 of 132 bytes failed: Only part of a ReadProcessMemory or WriteProcessMemory request was completed. (0x12B)
[0402/003517.605:ERROR:process_memory_win.cc(73)] ReadMemory at 0x28611e04d10 of 132 bytes failed: Only part of a ReadProcessMemory or WriteProcessMemory request was completed. (0x12B)
[0402/003517.605:ERROR:process_memory_win.cc(73)] ReadMemory at 0x28611e04e40 of 132 bytes failed: Only part of a ReadProcessMemory or WriteProcessMemory request was completed. (0x12B)
[0402/003517.605:ERROR:process_memory_win.cc(73)] ReadMemory at 0x28611e04f70 of 132 bytes failed: Only part of a ReadProcessMemory or WriteProcessMemory request was completed. (0x12B)
[0402/003517.605:ERROR:process_memory_win.cc(73)] ReadMemory at 0x28611e061f0 of 132 bytes failed: Only part of a ReadProcessMemory or WriteProcessMemory request was completed. (0x12B)
[0402/003517.605:ERROR:process_memory_win.cc(73)] ReadMemory at 0x28611e08120 of 80 bytes failed: Only part of a ReadProcessMemory or WriteProcessMemory request was completed. (0x12B)
[0402/003517.605:ERROR:process_memory_win.cc(73)] ReadMemory at 0x28611e08480 of 76 bytes failed: Only part of a ReadProcessMemory or WriteProcessMemory request was completed. (0x12B)
[0402/003517.605:ERROR:process_memory_win.cc(73)] ReadMemory at 0x28611e08950 of 62 bytes failed: Only part of a ReadProcessMemory or WriteProcessMemory request was completed. (0x12B)
[0402/003517.606:ERROR:process_memory_win.cc(73)] ReadMemory at 0x28611e08b30 of 62 bytes failed: Only part of a ReadProcessMemory or WriteProcessMemory request was completed. (0x12B)
[0402/003517.606:ERROR:process_memory_win.cc(73)] ReadMemory at 0x28611e08bd0 of 64 bytes failed: Only part of a ReadProcessMemory or WriteProcessMemory request was completed. (0x12B)
[0402/003517.606:ERROR:process_memory_win.cc(73)] ReadMemory at 0x28611e08cc0 of 62 bytes failed: Only part of a ReadProcessMemory or WriteProcessMemory request was completed. (0x12B)
[0402/003517.606:ERROR:process_memory_win.cc(73)] ReadMemory at 0x28611e08ef0 of 62 bytes failed: Only part of a ReadProcessMemory or WriteProcessMemory request was completed. (0x12B)
[0402/003517.606:ERROR:process_memory_win.cc(73)] ReadMemory at 0x28611e08f90 of 62 bytes failed: Only part of a ReadProcessMemory or WriteProcessMemory request was completed. (0x12B)
[0402/003517.606:ERROR:process_memory_win.cc(73)] ReadMemory at 0x28611e090d0 of 62 bytes failed: Only part of a ReadProcessMemory or WriteProcessMemory request was completed. (0x12B)
[0402/003517.606:ERROR:process_memory_win.cc(73)] ReadMemory at 0x28611e092b0 of 62 bytes failed: Only part of a ReadProcessMemory or WriteProcessMemory request was completed. (0x12B)
[0402/003517.606:ERROR:process_memory_win.cc(73)] ReadMemory at 0x28611e09300 of 64 bytes failed: Only part of a ReadProcessMemory or WriteProcessMemory request was completed. (0x12B)
[0402/003517.606:ERROR:process_memory_win.cc(73)] ReadMemory at 0x28611e093a0 of 64 bytes failed: Only part of a ReadProcessMemory or WriteProcessMemory request was completed. (0x12B)
[0402/003517.606:ERROR:process_memory_win.cc(73)] ReadMemory at 0x28611e09490 of 64 bytes failed: Only part of a ReadProcessMemory or WriteProcessMemory request was completed. (0x12B)
[0402/003517.606:ERROR:process_memory_win.cc(73)] ReadMemory at 0x28611e09530 of 60 bytes failed: Only part of a ReadProcessMemory or WriteProcessMemory request was completed. (0x12B)
[0402/003517.606:ERROR:process_memory_win.cc(73)] ReadMemory at 0x28611e095d0 of 60 bytes failed: Only part of a ReadProcessMemory or WriteProcessMemory request was completed. (0x12B)
[0402/003517.606:ERROR:process_memory_win.cc(73)] ReadMemory at 0x28611e09620 of 58 bytes failed: Only part of a ReadProcessMemory or WriteProcessMemory request was completed. (0x12B)
[0402/003517.606:ERROR:process_memory_win.cc(73)] ReadMemory at 0x28611e09670 of 60 bytes failed: Only part of a ReadProcessMemory or WriteProcessMemory request was completed. (0x12B)
[0402/003517.606:ERROR:process_memory_win.cc(73)] ReadMemory at 0x28611e096c0 of 60 bytes failed: Only part of a ReadProcessMemory or WriteProcessMemory request was completed. (0x12B)
[0402/003517.606:ERROR:process_memory_win.cc(73)] ReadMemory at 0x28611e09710 of 66 bytes failed: Only part of a ReadProcessMemory or WriteProcessMemory request was completed. (0x12B)
[0402/003517.606:ERROR:process_memory_win.cc(73)] ReadMemory at 0x28611e09800 of 62 bytes failed: Only part of a ReadProcessMemory or WriteProcessMemory request was completed. (0x12B)
[0402/003517.606:ERROR:process_memory_win.cc(73)] ReadMemory at 0x28611e0d360 of 132 bytes failed: Only part of a ReadProcessMemory or WriteProcessMemory request was completed. (0x12B)
[0402/003517.606:ERROR:process_memory_win.cc(73)] ReadMemory at 0x28611e0d490 of 132 bytes failed: Only part of a ReadProcessMemory or WriteProcessMemory request was completed. (0x12B)
[0402/003517.606:ERROR:process_memory_win.cc(73)] ReadMemory at 0x28611e0d6f0 of 132 bytes failed: Only part of a ReadProcessMemory or WriteProcessMemory request was completed. (0x12B)
[0402/003517.606:ERROR:process_memory_win.cc(73)] ReadMemory at 0x28611e0d820 of 132 bytes failed: Only part of a ReadProcessMemory or WriteProcessMemory request was completed. (0x12B)
[0402/003517.607:ERROR:process_memory_win.cc(73)] ReadMemory at 0x28611e0dce0 of 132 bytes failed: Only part of a ReadProcessMemory or WriteProcessMemory request was completed. (0x12B)
[0402/003517.607:ERROR:process_memory_win.cc(73)] ReadMemory at 0x28611e0e070 of 132 bytes failed: Only part of a ReadProcessMemory or WriteProcessMemory request was completed. (0x12B)
[0402/003517.607:ERROR:process_memory_win.cc(73)] ReadMemory at 0x28611e0e530 of 132 bytes failed: Only part of a ReadProcessMemory or WriteProcessMemory request was completed. (0x12B)
[0402/003517.607:ERROR:process_memory_win.cc(73)] ReadMemory at 0x28611e0e8c0 of 132 bytes failed: Only part of a ReadProcessMemory or WriteProcessMemory request was completed. (0x12B)
[0402/003517.607:ERROR:process_memory_win.cc(73)] ReadMemory at 0x28611e0eb20 of 132 bytes failed: Only part of a ReadProcessMemory or WriteProcessMemory request was completed. (0x12B)
[0402/003517.607:ERROR:process_memory_win.cc(73)] ReadMemory at 0x28611e0ec50 of 132 bytes failed: Only part of a ReadProcessMemory or WriteProcessMemory request was completed. (0x12B)
[0402/003517.607:ERROR:process_memory_win.cc(73)] ReadMemory at 0x28611e26360 of 512 bytes failed: Only part of a ReadProcessMemory or WriteProcessMemory request was completed. (0x12B)
[0402/003517.607:ERROR:process_memory_win.cc(73)] ReadMemory at 0x28611e27100 of 512 bytes failed: Only part of a ReadProcessMemory or WriteProcessMemory request was completed. (0x12B)
[0402/003517.607:ERROR:process_memory_win.cc(73)] ReadMemory at 0x28612321a80 of 512 bytes failed: Only part of a ReadProcessMemory or WriteProcessMemory request was completed. (0x12B)
[0402/003517.607:ERROR:process_memory_win.cc(73)] ReadMemory at 0x286124b4480 of 512 bytes failed: Only part of a ReadProcessMemory or WriteProcessMemory request was completed. (0x12B)
[0402/003517.607:ERROR:process_memory_win.cc(73)] ReadMemory at 0x286124b8cb0 of 512 bytes failed: Only part of a ReadProcessMemory or WriteProcessMemory request was completed. (0x12B)
[0402/003517.607:ERROR:process_memory_win.cc(73)] ReadMemory at 0x286124e7810 of 712 bytes failed: Only part of a ReadProcessMemory or WriteProcessMemory request was completed. (0x12B)
[0402/003517.607:ERROR:process_memory_win.cc(73)] ReadMemory at 0x286124e8ba8 of 512 bytes failed: Only part of a ReadProcessMemory or WriteProcessMemory request was completed. (0x12B)
[0402/003517.607:ERROR:process_memory_win.cc(73)] ReadMemory at 0x286124e8f08 of 512 bytes failed: Only part of a ReadProcessMemory or WriteProcessMemory request was completed. (0x12B)
[0402/003517.607:ERROR:process_memory_win.cc(73)] ReadMemory at 0x286124e95c8 of 512 bytes failed: Only part of a ReadProcessMemory or WriteProcessMemory request was completed. (0x12B)
[0402/003517.607:ERROR:process_memory_win.cc(73)] ReadMemory at 0x286124ea108 of 512 bytes failed: Only part of a ReadProcessMemory or WriteProcessMemory request was completed. (0x12B)
[0402/003517.607:ERROR:process_memory_win.cc(73)] ReadMemory at 0x286124ea468 of 512 bytes failed: Only part of a ReadProcessMemory or WriteProcessMemory request was completed. (0x12B)
[0402/003517.607:ERROR:process_memory_win.cc(73)] ReadMemory at 0x286124ea840 of 512 bytes failed: Only part of a ReadProcessMemory or WriteProcessMemory request was completed. (0x12B)
[0402/003517.607:ERROR:process_memory_win.cc(73)] ReadMemory at 0x28614250000 of 384 bytes failed: Only part of a ReadProcessMemory or WriteProcessMemory request was completed. (0x12B)
[0402/003517.608:ERROR:process_memory_win.cc(73)] ReadMemory at 0x28614296b40 of 512 bytes failed: Only part of a ReadProcessMemory or WriteProcessMemory request was completed. (0x12B)
[0402/003517.608:ERROR:process_memory_win.cc(73)] ReadMemory at 0x286142d8070 of 512 bytes failed: Only part of a ReadProcessMemory or WriteProcessMemory request was completed. (0x12B)
[0402/003517.608:ERROR:process_memory_win.cc(73)] ReadMemory at 0x286142def50 of 512 bytes failed: Only part of a ReadProcessMemory or WriteProcessMemory request was completed. (0x12B)
[0402/003517.608:ERROR:process_memory_win.cc(73)] ReadMemory at 0x286142f3e80 of 512 bytes failed: Only part of a ReadProcessMemory or WriteProcessMemory request was completed. (0x12B)
[0402/003517.608:ERROR:process_memory_win.cc(73)] ReadMemory at 0x286142f7338 of 512 bytes failed: Only part of a ReadProcessMemory or WriteProcessMemory request was completed. (0x12B)
[0402/003517.608:ERROR:process_memory_win.cc(73)] ReadMemory at 0x28614301710 of 512 bytes failed: Only part of a ReadProcessMemory or WriteProcessMemory request was completed. (0x12B)
[0402/003517.608:ERROR:process_memory_win.cc(73)] ReadMemory at 0x286143d0060 of 512 bytes failed: Only part of a ReadProcessMemory or WriteProcessMemory request was completed. (0x12B)
[0402/003517.608:ERROR:process_memory_win.cc(73)] ReadMemory at 0x2861444e148 of 512 bytes failed: Only part of a ReadProcessMemory or WriteProcessMemory request was completed. (0x12B)
[0402/003517.608:ERROR:process_memory_win.cc(73)] ReadMemory at 0x7ffb3b9c4ecc of 512 bytes failed: Only part of a ReadProcessMemory or WriteProcessMemory request was completed. (0x12B)
[0402/003517.608:ERROR:process_memory_win.cc(73)] ReadMemory at 0x7ffb3d94054c of 512 bytes failed: Only part of a ReadProcessMemory or WriteProcessMemory request was completed. (0x12B)
[0402/003517.608:ERROR:process_memory_win.cc(73)] ReadMemory at 0x7ffb3dfee98e of 553 bytes failed: Only part of a ReadProcessMemory or WriteProcessMemory request was completed. (0x12B)
[0402/003517.608:ERROR:process_memory_win.cc(73)] ReadMemory at 0x7ffb4283d4e0 of 512 bytes failed: Only part of a ReadProcessMemory or WriteProcessMemory request was completed. (0x12B)
[0402/003517.608:ERROR:process_memory_win.cc(73)] ReadMemory at 0x7ffbb0b5b720 of 512 bytes failed: Only part of a ReadProcessMemory or WriteProcessMemory request was completed. (0x12B)
[0402/003517.608:ERROR:process_memory_win.cc(73)] ReadMemory at 0x7ffbb36fc0c4 of 672 bytes failed: Only part of a ReadProcessMemory or WriteProcessMemory request was completed. (0x12B)
[0402/003517.608:ERROR:process_memory_win.cc(73)] ReadMemory at 0x7ffbb36fc6c4 of 512 bytes failed: Only part of a ReadProcessMemory or WriteProcessMemory request was completed. (0x12B)
[0402/003517.608:ERROR:process_memory_win.cc(73)] ReadMemory at 0x7ffbb36ff974 of 608 bytes failed: Only part of a ReadProcessMemory or WriteProcessMemory request was completed. (0x12B)
[0402/003517.608:ERROR:process_memory_win.cc(73)] ReadMemory at 0x7ffbb378c428 of 18 bytes failed: Only part of a ReadProcessMemory or WriteProcessMemory request was completed. (0x12B)
[0402/003517.608:ERROR:process_memory_win.cc(73)] ReadMemory at 0x7ffbb37bf4f8 of 40 bytes failed: Only part of a ReadProcessMemory or WriteProcessMemory request was completed. (0x12B)
[0402/003517.608:ERROR:process_memory_win.cc(73)] ReadMemory at 0x7ffbb37bf978 of 48 bytes failed: Only part of a ReadProcessMemory or WriteProcessMemory request was completed. (0x12B)
[0402/003517.608:ERROR:process_memory_win.cc(73)] ReadMemory at 0x7ffbb37c53c0 of 64 bytes failed: Only part of a ReadProcessMemory or WriteProcessMemory request was completed. (0x12B)
[0402/003517.610:ERROR:scoped_process_suspend.cc(40)] NtResumeProcess: An attempt was made to access an exiting process. (0xc000010a)
